<?xml version="1.0" encoding="UTF-8"?>
<!-- Generated by org.testng.reporters.JUnitReportReporter -->
<testsuite hostname="neel-Aspire-5750" failures="0" tests="1" name="Academy.PracticePageC" time="18.600" errors="0" timestamp="2022-01-23T12:33:15 IST" skipped="0">
  <testcase classname="Academy.PracticePageC" name="PracticePageNavigation" time="18.600"/>
  <system-out/>
</testsuite> <!-- Academy.PracticePageC -->
