<?xml version="1.0" encoding="UTF-8"?>
<!-- Generated by org.testng.reporters.JUnitReportReporter -->
<testsuite hostname="neel-Aspire-5750" failures="0" tests="2" name="cucumberOptions.TestRunner" time="56.409" errors="0" timestamp="2022-02-12T15:44:03 IST" skipped="0">
  <testcase classname="cucumberOptions.TestRunner" name="runScenario" time="31.150"/>
  <system-out/>
  <testcase classname="cucumberOptions.TestRunner" name="runScenario" time="25.259"/>
  <system-out/>
</testsuite> <!-- cucumberOptions.TestRunner -->
