<?xml version="1.0" encoding="UTF-8"?>
<!-- Generated by org.testng.reporters.JUnitReportReporter -->
<testsuite hostname="neel-Aspire-5750" failures="0" tests="2" name="Academy.HomePage" time="15.943" errors="0" timestamp="2022-01-23T12:33:15 IST" skipped="0">
  <testcase classname="Academy.HomePage" name="homePageNavigation" time="3.852"/>
  <system-out/>
  <testcase classname="Academy.HomePage" name="homePageNavigation" time="12.091"/>
  <system-out/>
</testsuite> <!-- Academy.HomePage -->
