<?xml version="1.0" encoding="UTF-8"?>
<!-- Generated by org.testng.reporters.JUnitReportReporter -->
<testsuite hostname="neel-Aspire-5750" failures="0" tests="2" name="Academy.HomePage" time="25.270" errors="0" timestamp="2022-01-24T13:05:46 IST" skipped="0">
  <testcase classname="Academy.HomePage" name="homePageNavigation" time="21.330"/>
  <system-out/>
  <testcase classname="Academy.HomePage" name="homePageNavigation" time="3.940"/>
  <system-out/>
</testsuite> <!-- Academy.HomePage -->
