<?xml version="1.0" encoding="UTF-8"?>
<!-- Generated by org.testng.reporters.JUnitReportReporter -->
<testsuite hostname="neel-Aspire-5750" failures="0" tests="1" name="Academy.AppTest" time="0.031" errors="0" timestamp="2022-01-24T13:05:46 IST" skipped="0">
  <testcase classname="Academy.AppTest" name="shouldAnswerWithTrue" time="0.031"/>
  <system-out/>
</testsuite> <!-- Academy.AppTest -->
